changed current func: global
Added funcEntry: global
{
  "type": "void",
  "funcStart": -1
}
{
  "global": {
    "type": "void",
    "funcStart": -1
  }
}
{}
{
  "global": {
    "int": {
      "min": 0,
      "max": 999,
      "curr": 0
    },
    "float": {
      "min": 1000,
      "max": 1999,
      "curr": 1000
    },
    "string": {
      "min": 2000,
      "max": 2999,
      "curr": 2000
    },
    "bool": {
      "min": 3000,
      "max": 3999,
      "curr": 3000
    },
    "pointer": {
      "min": 4000,
      "max": 4999,
      "curr": 4000
    }
  },
  "local": {
    "int": {
      "min": 5000,
      "max": 5999,
      "curr": 5000
    },
    "float": {
      "min": 6000,
      "max": 6999,
      "curr": 6000
    },
    "string": {
      "min": 7000,
      "max": 7999,
      "curr": 7000
    },
    "bool": {
      "min": 8000,
      "max": 8999,
      "curr": 8000
    },
    "pointer": {
      "min": 9000,
      "max": 9999,
      "curr": 9000
    }
  },
  "temporal": {
    "int": {
      "min": 10000,
      "max": 10999,
      "curr": 10000
    },
    "float": {
      "min": 11000,
      "max": 11999,
      "curr": 11000
    },
    "string": {
      "min": 12000,
      "max": 12999,
      "curr": 12000
    },
    "bool": {
      "min": 13000,
      "max": 13999,
      "curr": 13000
    },
    "pointer": {
      "min": 14000,
      "max": 14999,
      "curr": 14000
    }
  },
  "constant": {
    "int": {
      "min": 15000,
      "max": 15999,
      "curr": 15000
    },
    "float": {
      "min": 16000,
      "max": 16999,
      "curr": 16000
    },
    "string": {
      "min": 17000,
      "max": 17999,
      "curr": 17000
    },
    "bool": {
      "min": 18000,
      "max": 18999,
      "curr": 18000
    },
    "pointer": {
      "min": 19000,
      "max": 19999,
      "curr": 19000
    }
  }
}
Var Table for global not found... creating varsTable
Added var __myFunction__ to varsTable of global
{
  "dim": [],
  "addr": 0
}
***Added instruction***
{
  "operation": "goto",
  "lhs": -1,
  "rhs": -1,
  "result": -1
}
